11:20:30 [main] ERROR o.s.b.d.LoggingFailureAnalysisReporter - 

***************************
APPLICATION FAILED TO START
***************************

Description:

Failed to bind properties under 'spring.datasource' to javax.sql.DataSource:

    Property: spring.datasource.filters
    Value: stat,wall,log4j
    Origin: class path resource [application.yml]:38:14
    Reason: org.apache.log4j.Logger

Action:

Update your application's configuration

11:21:41 [main] ERROR o.s.b.d.LoggingFailureAnalysisReporter - 

***************************
APPLICATION FAILED TO START
***************************

Description:

Failed to bind properties under 'spring.datasource' to javax.sql.DataSource:

    Property: spring.datasource.filters
    Value: stat,wall,log4j
    Origin: class path resource [application.yml]:38:14
    Reason: org.apache.log4j.Logger

Action:

Update your application's configuration

